#
# A fatal error has been detected by the Java Runtime Environment:
#
#  SIGSEGV (0xb) at pc=0x000000010d4232b0, pid=12967, tid=16643
#
# JRE version: Java(TM) SE Runtime Environment (8.0_25-b17) (build 1.8.0_25-b17)
# Java VM: Java HotSpot(TM) 64-Bit Server VM (25.25-b02 mixed mode bsd-amd64 compressed oops)
# Problematic frame:
# V  [libjvm.dylib+0x4232b0]
#
# Failed to write core dump. Core dumps have been disabled. To enable core dumping, try "ulimit -c unlimited" before starting Java again
#
# If you would like to submit a bug report, please visit:
#   http://bugreport.sun.com/bugreport/crash.jsp
#

---------------  T H R E A D  ---------------

Current thread (0x00007fb40280a000):  JavaThread "JDWP Transport Listener: dt_socket" daemon [_thread_in_vm, id=16643, stack(0x00000001258b8000,0x00000001259b8000)]

siginfo: si_signo: 11 (SIGSEGV), si_code: 0 (unknown), si_addr: 0x0000000000000000

Registers:
RAX=0x0000000000000001, RBX=0x00000001259b7a8b, RCX=0x000000010d7d6c80, RDX=0x00000001259b7a8b
RSP=0x00000001259b79d0, RBP=0x00000001259b79e0, RSI=0x00007fb40280a000, RDI=0x687464616572422e
R8 =0x000000000000000f, R9 =0x00007fb400f00000, R10=0x0000000000000030, R11=0x00007fb400f00000
R12=0x00007fb40280a000, R13=0x687464616572422e, R14=0x687464616572422e, R15=0x00007fb400e030b0
RIP=0x000000010d4232b0, EFLAGS=0x0000000000010206, ERR=0x0000000000000000
  TRAPNO=0x000000000000000d

Top of Stack: (sp=0x00000001259b79d0)
0x00000001259b79d0:   00000001259b7a8b 00000001259b7a8b
0x00000001259b79e0:   00000001259b7a40 000000010d33526e
0x00000001259b79f0:   00007fb40280a000 0000000000000000
0x00000001259b7a00:   0000000000000000 0000000000000000
0x00000001259b7a10:   00007fb40280a000 00007fb40280a000
0x00000001259b7a20:   00000001259b7a8b 00000001259b7a90
0x00000001259b7a30:   687464616572422e 0000000000000009
0x00000001259b7a40:   00000001259b7a60 000000010c7937dc
0x00000001259b7a50:   0000000000000001 00000001259b7b08
0x00000001259b7a60:   00000001259b7ad0 000000010c778263
0x00000001259b7a70:   00000001259b7aa0 00007fb400f1d960
0x00000001259b7a80:   0000000a00000032 0000000a009b7b08
0x00000001259b7a90:   0000000000000000 0000000000000000
0x00000001259b7aa0:   0000000000000000 00000001259b7c90
0x00000001259b7ab0:   000000010c79aeca 00007fb400f1d0d0
0x00000001259b7ac0:   00000001259b7b08 000000010c7a6588
0x00000001259b7ad0:   00000001259b7ae0 000000010c77835c
0x00000001259b7ae0:   00000001259b7d00 000000010c7818f6
0x00000001259b7af0:   0000148000000013 00000000000f0200
0x00000001259b7b00:   00007fb400f17ce0 00007fb402040e9a
0x00000001259b7b10:   00007fb400000016 00007fb400f1cff0
0x00000001259b7b20:   00007fb40000012c 00000001259b7b58
0x00000001259b7b30:   00007fb400f1cfd0 00007f0000000000
0x00000001259b7b40:   000014800000001c 00007fff00001f80
0x00000001259b7b50:   00000001259b7b58 b47f00000a000000
0x00000001259b7b60:   0600000050bbf100 00003e74696e693c
0x00000001259b7b70:   0000005629280300 7f00000100000000
0x00000001259b7b80:   00000058bbf100b4 4668637261657318
0x00000001259b7b90:   6f6853656854726f 7461507473657472
0x00000001259b7ba0:   6f4c287100000068 706172676a2f6772
0x00000001259b7bb0:   68706172472f7468 7761682f75654c3b
0x00000001259b7bc0:   6a6f7270616b672f 6375642f73746365 

Instructions: (pc=0x000000010d4232b0)
0x000000010d423290:   40 48 48 85 c0 75 e0 30 c0 0f b6 c0 5d c3 31 c0
0x000000010d4232a0:   5d c3 55 48 89 e5 53 48 83 ec 08 48 85 ff 74 24
0x000000010d4232b0:   48 8b 1f 48 85 db 74 1c 48 83 fb 37 74 16 48 8b
0x000000010d4232c0:   03 48 89 df ff 50 10 84 c0 b8 00 00 00 00 48 0f 

Register to memory mapping:

RAX=0x0000000000000001 is an unknown value
RBX=0x00000001259b7a8b is pointing into the stack for thread: 0x00007fb40280a000
RCX=0x000000010d7d6c80: UseMembar+0 in /Library/Java/JavaVirtualMachines/jdk1.8.0_25.jdk/Contents/Home/jre/lib/server/libjvm.dylib at 0x000000010d000000
RDX=0x00000001259b7a8b is pointing into the stack for thread: 0x00007fb40280a000
RSP=0x00000001259b79d0 is pointing into the stack for thread: 0x00007fb40280a000
RBP=0x00000001259b79e0 is pointing into the stack for thread: 0x00007fb40280a000
RSI=0x00007fb40280a000 is a thread
RDI=0x687464616572422e is an unknown value
R8 =0x000000000000000f is an unknown value
R9 =0x00007fb400f00000 is an unknown value
R10=0x0000000000000030 is an unknown value
R11=0x00007fb400f00000 is an unknown value
R12=0x00007fb40280a000 is a thread
R13=0x687464616572422e is an unknown value
R14=0x687464616572422e is an unknown value
R15=0x00007fb400e030b0 is an unknown value


Stack: [0x00000001258b8000,0x00000001259b8000],  sp=0x00000001259b79d0,  free space=1022k
Native frames: (J=compiled Java code, j=interpreted, Vv=VM code, C=native code)
V  [libjvm.dylib+0x4232b0]
V  [libjvm.dylib+0x33526e]
C  [libjdwp.dylib+0x207dc]  isMethodSynthetic+0x63
C  [libjdwp.dylib+0x5263]  methods1+0x10b
C  [libjdwp.dylib+0x535c]  methodsWithGeneric+0xe
C  [libjdwp.dylib+0xe8f6]  debugLoop_run+0x1ce
C  [libjdwp.dylib+0x1f716]  attachThread+0x4d
V  [libjvm.dylib+0x3762ce]
V  [libjvm.dylib+0x535ed9]
V  [libjvm.dylib+0x53761c]
V  [libjvm.dylib+0x45d87e]
C  [libsystem_pthread.dylib+0x3268]  _pthread_body+0x83
C  [libsystem_pthread.dylib+0x31e5]  _pthread_body+0x0
C  [libsystem_pthread.dylib+0x141d]  thread_start+0xd
C  0x0000000000000000


---------------  P R O C E S S  ---------------

Java Threads: ( => current thread )
  0x00007fb401089000 JavaThread "Service Thread" daemon [_thread_blocked, id=19715, stack(0x0000000125eca000,0x0000000125fca000)]
  0x00007fb401078000 JavaThread "C1 CompilerThread2" daemon [_thread_blocked, id=19203, stack(0x0000000125dc7000,0x0000000125ec7000)]
  0x00007fb40102d000 JavaThread "C2 CompilerThread1" daemon [_thread_blocked, id=18691, stack(0x0000000125cc4000,0x0000000125dc4000)]
  0x00007fb402835000 JavaThread "C2 CompilerThread0" daemon [_thread_blocked, id=18179, stack(0x0000000125bc1000,0x0000000125cc1000)]
  0x00007fb402833000 JavaThread "JDWP Command Reader" daemon [_thread_in_native, id=17667, stack(0x0000000125abe000,0x0000000125bbe000)]
  0x00007fb402832800 JavaThread "JDWP Event Helper Thread" daemon [_thread_blocked, id=17155, stack(0x00000001259bb000,0x0000000125abb000)]
=>0x00007fb40280a000 JavaThread "JDWP Transport Listener: dt_socket" daemon [_thread_in_vm, id=16643, stack(0x00000001258b8000,0x00000001259b8000)]
  0x00007fb402016000 JavaThread "Signal Dispatcher" daemon [_thread_blocked, id=13335, stack(0x00000001257ae000,0x00000001258ae000)]
  0x00007fb401026800 JavaThread "Finalizer" daemon [_thread_blocked, id=11523, stack(0x0000000123e66000,0x0000000123f66000)]
  0x00007fb401025800 JavaThread "Reference Handler" daemon [_thread_blocked, id=11011, stack(0x0000000123d63000,0x0000000123e63000)]
  0x00007fb402800800 JavaThread "main" [_thread_blocked, id=4867, stack(0x000000010c62e000,0x000000010c72e000)]

Other Threads:
  0x00007fb40181b000 VMThread [stack: 0x0000000123c60000,0x0000000123d60000] [id=10499]
  0x00007fb401089800 WatcherThread [stack: 0x0000000125fcd000,0x00000001260cd000] [id=20227]

VM state:not at safepoint (normal execution)

VM Mutex/Monitor currently owned by a thread: None

Heap:
 PSYoungGen      total 38400K, used 4010K [0x0000000795580000, 0x0000000798000000, 0x00000007c0000000)
  eden space 33280K, 12% used [0x0000000795580000,0x000000079596a800,0x0000000797600000)
  from space 5120K, 0% used [0x0000000797b00000,0x0000000797b00000,0x0000000798000000)
  to   space 5120K, 0% used [0x0000000797600000,0x0000000797600000,0x0000000797b00000)
 ParOldGen       total 87552K, used 0K [0x0000000740000000, 0x0000000745580000, 0x0000000795580000)
  object space 87552K, 0% used [0x0000000740000000,0x0000000740000000,0x0000000745580000)
 Metaspace       used 3347K, capacity 4670K, committed 4864K, reserved 1056768K
  class space    used 363K, capacity 425K, committed 512K, reserved 1048576K

Card table byte_map: [0x000000011d2dc000,0x000000011d6dd000] byte_map_base: 0x00000001198dc000

Marking Bits: (ParMarkBitMap*) 0x000000010d89d390
 Begin Bits: [0x000000011dd94000, 0x000000011fd94000)
 End Bits:   [0x000000011fd94000, 0x0000000121d94000)

Polling page: 0x000000010c772000

CodeCache: size=245760Kb used=1343Kb max_used=1343Kb free=244416Kb
 bounds [0x000000010df1c000, 0x000000010e18c000, 0x000000011cf1c000]
 total_blobs=371 nmethods=135 adapters=159
 compilation: enabled

Compilation events (10 events):
Event: 0.216 Thread 0x00007fb401078000  132       1       java.util.ArrayList::access$100 (5 bytes)
Event: 0.216 Thread 0x00007fb401078000 nmethod 132 0x000000010e06a750 code [0x000000010e06a8a0, 0x000000010e06a990]
Event: 0.216 Thread 0x00007fb401078000  131       3       java.util.LinkedHashMap::keySet (27 bytes)
Event: 0.217 Thread 0x00007fb401078000 nmethod 131 0x000000010e06aa10 code [0x000000010e06aba0, 0x000000010e06af50]
Event: 0.217 Thread 0x00007fb401078000  133       3       eu.haw.gkaprojects.duc.robert.VertexImpl::equals (28 bytes)
Event: 0.217 Thread 0x00007fb401078000 nmethod 133 0x000000010e06b110 code [0x000000010e06b2a0, 0x000000010e06b708]
Event: 0.217 Thread 0x00007fb401078000  134       3       org.jgrapht.graph.AbstractBaseGraph::getIntrusiveEdge (26 bytes)
Event: 0.217 Thread 0x00007fb401078000 nmethod 134 0x000000010e06b850 code [0x000000010e06b9e0, 0x000000010e06bf28]
Event: 0.217 Thread 0x00007fb401078000  135       3       org.jgrapht.util.TypeUtil::uncheckedCast (2 bytes)
Event: 0.217 Thread 0x00007fb401078000 nmethod 135 0x000000010e06c010 code [0x000000010e06c160, 0x000000010e06c290]

GC Heap History (0 events):
No events

Deoptimization events (0 events):
No events

Internal exceptions (10 events):
Event: 0.192 Thread 0x00007fb402800800 Exception <a 'java/security/PrivilegedActionException'> (0x00000007958e6188) thrown at [/HUDSON3/workspace/8-2-build-macosx-x86_64/jdk8u25/1514/hotspot/src/share/vm/prims/jvm.cpp, line 1312]
Event: 0.193 Thread 0x00007fb402800800 Exception <a 'java/security/PrivilegedActionException'> (0x00000007958eac00) thrown at [/HUDSON3/workspace/8-2-build-macosx-x86_64/jdk8u25/1514/hotspot/src/share/vm/prims/jvm.cpp, line 1312]
Event: 0.193 Thread 0x00007fb402800800 Exception <a 'java/security/PrivilegedActionException'> (0x00000007958ef7a8) thrown at [/HUDSON3/workspace/8-2-build-macosx-x86_64/jdk8u25/1514/hotspot/src/share/vm/prims/jvm.cpp, line 1312]
Event: 0.194 Thread 0x00007fb402800800 Exception <a 'java/security/PrivilegedActionException'> (0x00000007958f5070) thrown at [/HUDSON3/workspace/8-2-build-macosx-x86_64/jdk8u25/1514/hotspot/src/share/vm/prims/jvm.cpp, line 1312]
Event: 0.194 Thread 0x00007fb402800800 Exception <a 'java/security/PrivilegedActionException'> (0x00000007958f9df8) thrown at [/HUDSON3/workspace/8-2-build-macosx-x86_64/jdk8u25/1514/hotspot/src/share/vm/prims/jvm.cpp, line 1312]
Event: 0.195 Thread 0x00007fb402800800 Exception <a 'java/security/PrivilegedActionException'> (0x0000000795900028) thrown at [/HUDSON3/workspace/8-2-build-macosx-x86_64/jdk8u25/1514/hotspot/src/share/vm/prims/jvm.cpp, line 1312]
Event: 0.200 Thread 0x00007fb402800800 Exception <a 'java/security/PrivilegedActionException'> (0x0000000795904158) thrown at [/HUDSON3/workspace/8-2-build-macosx-x86_64/jdk8u25/1514/hotspot/src/share/vm/prims/jvm.cpp, line 1312]
Event: 0.200 Thread 0x00007fb402800800 Exception <a 'java/security/PrivilegedActionException'> (0x0000000795908f70) thrown at [/HUDSON3/workspace/8-2-build-macosx-x86_64/jdk8u25/1514/hotspot/src/share/vm/prims/jvm.cpp, line 1312]
Event: 0.200 Thread 0x00007fb402800800 Exception <a 'java/security/PrivilegedActionException'> (0x000000079590ed50) thrown at [/HUDSON3/workspace/8-2-build-macosx-x86_64/jdk8u25/1514/hotspot/src/share/vm/prims/jvm.cpp, line 1312]
Event: 0.208 Thread 0x00007fb402800800 Exception <a 'java/security/PrivilegedActionException'> (0x0000000795933710) thrown at [/HUDSON3/workspace/8-2-build-macosx-x86_64/jdk8u25/1514/hotspot/src/share/vm/prims/jvm.cpp, line 1312]

Events (10 events):
Event: 935.597 Executing VM operation: GetCurrentLocation
Event: 935.598 Executing VM operation: GetCurrentLocation done
Event: 935.598 Executing VM operation: EnterInterpOnlyMode
Event: 935.598 Executing VM operation: EnterInterpOnlyMode done
Event: 935.598 Executing VM operation: ChangeSingleStep
Event: 935.598 Executing VM operation: ChangeSingleStep done
Event: 935.598 Executing VM operation: ChangeSingleStep
Event: 935.598 Executing VM operation: ChangeSingleStep done
Event: 935.602 Executing VM operation: RedefineClasses
Event: 935.603 Executing VM operation: RedefineClasses done


Dynamic libraries:
0x0000000000b7c000 	/System/Library/Frameworks/Cocoa.framework/Versions/A/Cocoa
0x0000000000b7c000 	/System/Library/Frameworks/Security.framework/Versions/A/Security
0x0000000000b7c000 	/System/Library/Frameworks/ApplicationServices.framework/Versions/A/ApplicationServices
0x0000000000b7c000 	/usr/lib/libz.1.dylib
0x0000000000b7c000 	/usr/lib/libSystem.B.dylib
0x0000000000b7c000 	/usr/lib/libobjc.A.dylib
0x0000000000b7c000 	/System/Library/Frameworks/CoreFoundation.framework/Versions/A/CoreFoundation
0x0000000000b7c000 	/System/Library/Frameworks/Foundation.framework/Versions/C/Foundation
0x0000000000b7c000 	/System/Library/Frameworks/AppKit.framework/Versions/C/AppKit
0x0000000000b7c000 	/System/Library/Frameworks/CoreData.framework/Versions/A/CoreData
0x0000000000b7c000 	/System/Library/PrivateFrameworks/RemoteViewServices.framework/Versions/A/RemoteViewServices
0x0000000000b7c000 	/System/Library/PrivateFrameworks/UIFoundation.framework/Versions/A/UIFoundation
0x0000000000b7c000 	/System/Library/Frameworks/IOSurface.framework/Versions/A/IOSurface
0x0000000000b7c000 	/System/Library/Frameworks/AudioToolbox.framework/Versions/A/AudioToolbox
0x0000000000b7c000 	/System/Library/Frameworks/AudioUnit.framework/Versions/A/AudioUnit
0x0000000000b7c000 	/System/Library/PrivateFrameworks/DataDetectorsCore.framework/Versions/A/DataDetectorsCore
0x0000000000b7c000 	/System/Library/PrivateFrameworks/DesktopServicesPriv.framework/Versions/A/DesktopServicesPriv
0x0000000000b7c000 	/System/Library/Frameworks/Carbon.framework/Versions/A/Frameworks/HIToolbox.framework/Versions/A/HIToolbox
0x0000000000b7c000 	/System/Library/Frameworks/QuartzCore.framework/Versions/A/QuartzCore
0x0000000000b7c000 	/System/Library/Frameworks/Carbon.framework/Versions/A/Frameworks/SpeechRecognition.framework/Versions/A/SpeechRecognition
0x0000000000b7c000 	/usr/lib/libauto.dylib
0x0000000000b7c000 	/usr/lib/libicucore.A.dylib
0x0000000000b7c000 	/usr/lib/libxml2.2.dylib
0x0000000000b7c000 	/System/Library/PrivateFrameworks/CoreUI.framework/Versions/A/CoreUI
0x0000000000b7c000 	/System/Library/Frameworks/CoreAudio.framework/Versions/A/CoreAudio
0x0000000000b7c000 	/System/Library/Frameworks/DiskArbitration.framework/Versions/A/DiskArbitration
0x0000000000b7c000 	/usr/lib/liblangid.dylib
0x0000000000b7c000 	/System/Library/PrivateFrameworks/MultitouchSupport.framework/Versions/A/MultitouchSupport
0x0000000000b7c000 	/System/Library/Frameworks/IOKit.framework/Versions/A/IOKit
0x0000000000b7c000 	/usr/lib/libDiagnosticMessagesClient.dylib
0x0000000000b7c000 	/System/Library/Frameworks/CoreServices.framework/Versions/A/CoreServices
0x0000000000b7c000 	/System/Library/PrivateFrameworks/PerformanceAnalysis.framework/Versions/A/PerformanceAnalysis
0x0000000000b7c000 	/System/Library/PrivateFrameworks/GenerationalStorage.framework/Versions/A/GenerationalStorage
0x0000000000b7c000 	/System/Library/Frameworks/OpenGL.framework/Versions/A/OpenGL
0x0000000000b7c000 	/System/Library/PrivateFrameworks/Sharing.framework/Versions/A/Sharing
0x0000000000b7c000 	/System/Library/Frameworks/CoreGraphics.framework/Versions/A/CoreGraphics
0x0000000000b7c000 	/System/Library/Frameworks/CoreText.framework/Versions/A/CoreText
0x0000000000b7c000 	/System/Library/Frameworks/ImageIO.framework/Versions/A/ImageIO
0x0000000000b7c000 	/usr/lib/libextension.dylib
0x0000000000b7c000 	/System/Library/PrivateFrameworks/Backup.framework/Versions/A/Backup
0x0000000000b7c000 	/usr/lib/libarchive.2.dylib
0x0000000000b7c000 	/System/Library/Frameworks/CFNetwork.framework/Versions/A/CFNetwork
0x0000000000b7c000 	/System/Library/Frameworks/SystemConfiguration.framework/Versions/A/SystemConfiguration
0x0000000000b7c000 	/usr/lib/libCRFSuite.dylib
0x0000000000b7c000 	/usr/lib/libc++.1.dylib
0x0000000000b7c000 	/usr/lib/libc++abi.dylib
0x0000000000b7c000 	/usr/lib/system/libcache.dylib
0x0000000000b7c000 	/usr/lib/system/libcommonCrypto.dylib
0x0000000000b7c000 	/usr/lib/system/libcompiler_rt.dylib
0x0000000000b7c000 	/usr/lib/system/libcopyfile.dylib
0x0000000000b7c000 	/usr/lib/system/libcorecrypto.dylib
0x0000000000b7c000 	/usr/lib/system/libdispatch.dylib
0x0000000000b7c000 	/usr/lib/system/libdyld.dylib
0x0000000000b7c000 	/usr/lib/system/libkeymgr.dylib
0x0000000000b7c000 	/usr/lib/system/liblaunch.dylib
0x0000000000b7c000 	/usr/lib/system/libmacho.dylib
0x0000000000b7c000 	/usr/lib/system/libquarantine.dylib
0x0000000000b7c000 	/usr/lib/system/libremovefile.dylib
0x0000000000b7c000 	/usr/lib/system/libsystem_asl.dylib
0x0000000000b7c000 	/usr/lib/system/libsystem_blocks.dylib
0x0000000000b7c000 	/usr/lib/system/libsystem_c.dylib
0x0000000000b7c000 	/usr/lib/system/libsystem_configuration.dylib
0x0000000000b7c000 	/usr/lib/system/libsystem_coreservices.dylib
0x0000000000b7c000 	/usr/lib/system/libsystem_coretls.dylib
0x0000000000b7c000 	/usr/lib/system/libsystem_dnssd.dylib
0x0000000000b7c000 	/usr/lib/system/libsystem_info.dylib
0x0000000000b7c000 	/usr/lib/system/libsystem_kernel.dylib
0x0000000000b7c000 	/usr/lib/system/libsystem_m.dylib
0x0000000000b7c000 	/usr/lib/system/libsystem_malloc.dylib
0x0000000000b7c000 	/usr/lib/system/libsystem_network.dylib
0x0000000000b7c000 	/usr/lib/system/libsystem_networkextension.dylib
0x0000000000b7c000 	/usr/lib/system/libsystem_notify.dylib
0x0000000000b7c000 	/usr/lib/system/libsystem_platform.dylib
0x0000000000b7c000 	/usr/lib/system/libsystem_pthread.dylib
0x0000000000b7c000 	/usr/lib/system/libsystem_sandbox.dylib
0x0000000000b7c000 	/usr/lib/system/libsystem_secinit.dylib
0x0000000000b7c000 	/usr/lib/system/libsystem_stats.dylib
0x0000000000b7c000 	/usr/lib/system/libsystem_trace.dylib
0x0000000000b7c000 	/usr/lib/system/libunc.dylib
0x0000000000b7c000 	/usr/lib/system/libunwind.dylib
0x0000000000b7c000 	/usr/lib/system/libxpc.dylib
0x0000000000b7c000 	/usr/lib/libbz2.1.0.dylib
0x0000000000b7c000 	/usr/lib/liblzma.5.dylib
0x0000000000b7c000 	/usr/lib/libbsm.0.dylib
0x0000000000b7c000 	/usr/lib/libsqlite3.dylib
0x0000000000b7c000 	/usr/lib/system/libkxld.dylib
0x0000000000b7c000 	/usr/lib/libxar.1.dylib
0x0000000000b7c000 	/usr/lib/libpam.2.dylib
0x0000000000b7c000 	/usr/lib/libOpenScriptingUtil.dylib
0x0000000000b7c000 	/System/Library/Frameworks/CoreServices.framework/Versions/A/Frameworks/FSEvents.framework/Versions/A/FSEvents
0x0000000000b7c000 	/System/Library/Frameworks/CoreServices.framework/Versions/A/Frameworks/CarbonCore.framework/Versions/A/CarbonCore
0x0000000000b7c000 	/System/Library/Frameworks/CoreServices.framework/Versions/A/Frameworks/Metadata.framework/Versions/A/Metadata
0x0000000000b7c000 	/System/Library/Frameworks/CoreServices.framework/Versions/A/Frameworks/OSServices.framework/Versions/A/OSServices
0x0000000000b7c000 	/System/Library/Frameworks/CoreServices.framework/Versions/A/Frameworks/SearchKit.framework/Versions/A/SearchKit
0x0000000000b7c000 	/System/Library/Frameworks/CoreServices.framework/Versions/A/Frameworks/AE.framework/Versions/A/AE
0x0000000000b7c000 	/System/Library/Frameworks/CoreServices.framework/Versions/A/Frameworks/LaunchServices.framework/Versions/A/LaunchServices
0x0000000000b7c000 	/System/Library/Frameworks/CoreServices.framework/Versions/A/Frameworks/DictionaryServices.framework/Versions/A/DictionaryServices
0x0000000000b7c000 	/System/Library/Frameworks/NetFS.framework/Versions/A/NetFS
0x0000000000b7c000 	/System/Library/PrivateFrameworks/NetAuth.framework/Versions/A/NetAuth
0x0000000000b7c000 	/System/Library/PrivateFrameworks/login.framework/Versions/A/Frameworks/loginsupport.framework/Versions/A/loginsupport
0x0000000000b7c000 	/System/Library/PrivateFrameworks/TCC.framework/Versions/A/TCC
0x0000000000b7c000 	/usr/lib/libmecabra.dylib
0x0000000000b7c000 	/System/Library/Frameworks/ApplicationServices.framework/Versions/A/Frameworks/ATS.framework/Versions/A/ATS
0x0000000000b7c000 	/System/Library/Frameworks/ApplicationServices.framework/Versions/A/Frameworks/ColorSync.framework/Versions/A/ColorSync
0x0000000000b7c000 	/System/Library/Frameworks/ApplicationServices.framework/Versions/A/Frameworks/HIServices.framework/Versions/A/HIServices
0x0000000000b7c000 	/System/Library/Frameworks/ApplicationServices.framework/Versions/A/Frameworks/LangAnalysis.framework/Versions/A/LangAnalysis
0x0000000000b7c000 	/System/Library/Frameworks/ApplicationServices.framework/Versions/A/Frameworks/PrintCore.framework/Versions/A/PrintCore
0x0000000000b7c000 	/System/Library/Frameworks/ApplicationServices.framework/Versions/A/Frameworks/QD.framework/Versions/A/QD
0x0000000000b7c000 	/System/Library/Frameworks/ApplicationServices.framework/Versions/A/Frameworks/SpeechSynthesis.framework/Versions/A/SpeechSynthesis
0x0000000000b7c000 	/System/Library/Frameworks/Accelerate.framework/Versions/A/Accelerate
0x0000000000b7c000 	/System/Library/Frameworks/Accelerate.framework/Versions/A/Frameworks/vImage.framework/Versions/A/vImage
0x0000000000b7c000 	/System/Library/Frameworks/Accelerate.framework/Versions/A/Frameworks/vecLib.framework/Versions/A/vecLib
0x0000000000b7c000 	/System/Library/Frameworks/Accelerate.framework/Versions/A/Frameworks/vecLib.framework/Versions/A/libvDSP.dylib
0x0000000000b7c000 	/System/Library/Frameworks/Accelerate.framework/Versions/A/Frameworks/vecLib.framework/Versions/A/libvMisc.dylib
0x0000000000b7c000 	/System/Library/Frameworks/Accelerate.framework/Versions/A/Frameworks/vecLib.framework/Versions/A/libLAPACK.dylib
0x0000000000b7c000 	/System/Library/Frameworks/Accelerate.framework/Versions/A/Frameworks/vecLib.framework/Versions/A/libBLAS.dylib
0x0000000000b7c000 	/System/Library/Frameworks/Accelerate.framework/Versions/A/Frameworks/vecLib.framework/Versions/A/libLinearAlgebra.dylib
0x0000000000b7c000 	/System/Library/Frameworks/ApplicationServices.framework/Versions/A/Frameworks/ATS.framework/Versions/A/Resources/libFontParser.dylib
0x0000000000b7c000 	/System/Library/Frameworks/ApplicationServices.framework/Versions/A/Frameworks/ATS.framework/Versions/A/Resources/libFontRegistry.dylib
0x0000000000b7c000 	/System/Library/PrivateFrameworks/AppleVPA.framework/Versions/A/AppleVPA
0x0000000000b7c000 	/System/Library/PrivateFrameworks/AppleJPEG.framework/Versions/A/AppleJPEG
0x0000000000b7c000 	/System/Library/Frameworks/ImageIO.framework/Versions/A/Resources/libJPEG.dylib
0x0000000000b7c000 	/System/Library/Frameworks/ImageIO.framework/Versions/A/Resources/libTIFF.dylib
0x0000000000b7c000 	/System/Library/Frameworks/ImageIO.framework/Versions/A/Resources/libPng.dylib
0x0000000000b7c000 	/System/Library/Frameworks/ImageIO.framework/Versions/A/Resources/libGIF.dylib
0x0000000000b7c000 	/System/Library/Frameworks/ImageIO.framework/Versions/A/Resources/libJP2.dylib
0x0000000000b7c000 	/System/Library/Frameworks/ImageIO.framework/Versions/A/Resources/libRadiance.dylib
0x0000000000b7c000 	/System/Library/Frameworks/CoreVideo.framework/Versions/A/CoreVideo
0x0000000000b7c000 	/System/Library/Frameworks/OpenGL.framework/Versions/A/Libraries/libGLU.dylib
0x0000000000b7c000 	/System/Library/Frameworks/OpenGL.framework/Versions/A/Libraries/libGFXShared.dylib
0x0000000000b7c000 	/System/Library/Frameworks/OpenGL.framework/Versions/A/Libraries/libGL.dylib
0x0000000000b7c000 	/System/Library/Frameworks/OpenGL.framework/Versions/A/Libraries/libGLImage.dylib
0x0000000000b7c000 	/System/Library/Frameworks/OpenGL.framework/Versions/A/Libraries/libCVMSPluginSupport.dylib
0x0000000000b7c000 	/System/Library/Frameworks/OpenGL.framework/Versions/A/Libraries/libCoreVMClient.dylib
0x0000000000b7c000 	/usr/lib/libcups.2.dylib
0x0000000000b7c000 	/System/Library/Frameworks/Kerberos.framework/Versions/A/Kerberos
0x0000000000b7c000 	/System/Library/Frameworks/GSS.framework/Versions/A/GSS
0x0000000000b7c000 	/usr/lib/libresolv.9.dylib
0x0000000000b7c000 	/usr/lib/libiconv.2.dylib
0x0000000000b7c000 	/System/Library/PrivateFrameworks/Heimdal.framework/Versions/A/Heimdal
0x0000000000b7c000 	/usr/lib/libheimdal-asn1.dylib
0x0000000000b7c000 	/System/Library/Frameworks/OpenDirectory.framework/Versions/A/OpenDirectory
0x0000000000b7c000 	/System/Library/PrivateFrameworks/CommonAuth.framework/Versions/A/CommonAuth
0x0000000000b7c000 	/System/Library/Frameworks/OpenDirectory.framework/Versions/A/Frameworks/CFOpenDirectory.framework/Versions/A/CFOpenDirectory
0x0000000000b7c000 	/System/Library/Frameworks/SecurityFoundation.framework/Versions/A/SecurityFoundation
0x0000000000b7c000 	/System/Library/PrivateFrameworks/LanguageModeling.framework/Versions/A/LanguageModeling
0x0000000000b7c000 	/usr/lib/libcmph.dylib
0x0000000000b7c000 	/System/Library/Frameworks/ServiceManagement.framework/Versions/A/ServiceManagement
0x0000000000b7c000 	/usr/lib/libxslt.1.dylib
0x0000000000b7c000 	/System/Library/Frameworks/Carbon.framework/Versions/A/Frameworks/Ink.framework/Versions/A/Ink
0x0000000000b7c000 	/System/Library/Frameworks/QuartzCore.framework/Versions/A/Frameworks/CoreImage.framework/Versions/A/CoreImage
0x0000000000b7c000 	/System/Library/PrivateFrameworks/CrashReporterSupport.framework/Versions/A/CrashReporterSupport
0x0000000000b7c000 	/System/Library/Frameworks/OpenCL.framework/Versions/A/OpenCL
0x0000000000b7c000 	/System/Library/PrivateFrameworks/FaceCore.framework/Versions/A/FaceCore
0x0000000000b7c000 	/System/Library/PrivateFrameworks/Ubiquity.framework/Versions/A/Ubiquity
0x0000000000b7c000 	/System/Library/PrivateFrameworks/IconServices.framework/Versions/A/IconServices
0x0000000000b7c000 	/System/Library/PrivateFrameworks/ChunkingLibrary.framework/Versions/A/ChunkingLibrary
0x0000000000b7c000 	/System/Library/PrivateFrameworks/Apple80211.framework/Versions/A/Apple80211
0x0000000000b7c000 	/System/Library/Frameworks/CoreWLAN.framework/Versions/A/CoreWLAN
0x0000000000b7c000 	/System/Library/Frameworks/IOBluetooth.framework/Versions/A/IOBluetooth
0x0000000000b7c000 	/System/Library/PrivateFrameworks/CoreWiFi.framework/Versions/A/CoreWiFi
0x0000000000b7c000 	/System/Library/Frameworks/CoreBluetooth.framework/Versions/A/CoreBluetooth
0x0000000000b7c000 	/System/Library/PrivateFrameworks/DebugSymbols.framework/Versions/A/DebugSymbols
0x0000000000b7c000 	/System/Library/PrivateFrameworks/CoreSymbolication.framework/Versions/A/CoreSymbolication
0x0000000000b7c000 	/System/Library/PrivateFrameworks/Symbolication.framework/Versions/A/Symbolication
0x0000000000b7c000 	/System/Library/PrivateFrameworks/SpeechRecognitionCore.framework/Versions/A/SpeechRecognitionCore
0x000000010d000000 	/Library/Java/JavaVirtualMachines/jdk1.8.0_25.jdk/Contents/Home/jre/lib/server/libjvm.dylib
0x0000000000b7c000 	/usr/lib/libstdc++.6.dylib
0x000000010c730000 	/Library/Java/JavaVirtualMachines/jdk1.8.0_25.jdk/Contents/Home/jre/lib/libverify.dylib
0x000000010c73e000 	/Library/Java/JavaVirtualMachines/jdk1.8.0_25.jdk/Contents/Home/jre/lib/libjava.dylib
0x000000010c773000 	/Library/Java/JavaVirtualMachines/jdk1.8.0_25.jdk/Contents/Home/jre/lib/libjdwp.dylib
0x000000010c7be000 	/Library/Java/JavaVirtualMachines/jdk1.8.0_25.jdk/Contents/Home/jre/lib/libnpt.dylib
0x000000010c7cb000 	/Library/Java/JavaVirtualMachines/jdk1.8.0_25.jdk/Contents/Home/jre/lib/libzip.dylib
0x0000000123f68000 	/System/Library/Frameworks/JavaVM.framework/Frameworks/JavaRuntimeSupport.framework/JavaRuntimeSupport
0x0000000123f80000 	/System/Library/Frameworks/JavaVM.framework/Versions/A/Frameworks/JavaNativeFoundation.framework/Versions/A/JavaNativeFoundation
0x0000000123f95000 	/System/Library/Frameworks/JavaVM.framework/Versions/A/JavaVM
0x0000000000b7c000 	/System/Library/Frameworks/Carbon.framework/Versions/A/Carbon
0x0000000123fa2000 	/System/Library/PrivateFrameworks/JavaLaunching.framework/Versions/A/JavaLaunching
0x0000000000b7c000 	/System/Library/Frameworks/Carbon.framework/Versions/A/Frameworks/CommonPanels.framework/Versions/A/CommonPanels
0x0000000000b7c000 	/System/Library/Frameworks/Carbon.framework/Versions/A/Frameworks/Help.framework/Versions/A/Help
0x0000000000b7c000 	/System/Library/Frameworks/Carbon.framework/Versions/A/Frameworks/ImageCapture.framework/Versions/A/ImageCapture
0x0000000000b7c000 	/System/Library/Frameworks/Carbon.framework/Versions/A/Frameworks/OpenScripting.framework/Versions/A/OpenScripting
0x0000000000b7c000 	/System/Library/Frameworks/Carbon.framework/Versions/A/Frameworks/Print.framework/Versions/A/Print
0x0000000000b7c000 	/System/Library/Frameworks/Carbon.framework/Versions/A/Frameworks/SecurityHI.framework/Versions/A/SecurityHI
0x00000001258b0000 	/Library/Java/JavaVirtualMachines/jdk1.8.0_25.jdk/Contents/Home/jre/lib/libdt_socket.dylib

VM Arguments:
jvm_args: -agentlib:jdwp=transport=dt_socket,suspend=y,address=localhost:62140 -Dfile.encoding=UTF-8 
java_command: eu.haw.gkaprojects.duc.robert.Dosomething
java_class_path (initial): /Users/DucNguyenMinh/Documents/workspace/GKAP/.git/GKAProjects/GKAProjects/bin:/Applications/eclipse 2/plugins/org.junit_4.11.0.v201303080030/junit.jar:/Applications/eclipse 2/plugins/org.hamcrest.core_1.3.0.v201303031735.jar:/Users/DucNguyenMinh/Documents/workspace/GKAP/AufgabenBlatt01/lib/jgrapht-0.9.0/lib/jgraph-5.13.0.0.jar:/Users/DucNguyenMinh/Documents/workspace/GKAP/AufgabenBlatt01/lib/jgrapht-0.9.0/lib/jgrapht-core-0.9.0.jar:/Users/DucNguyenMinh/Documents/workspace/GKAP/AufgabenBlatt01/lib/jgrapht-0.9.0/lib/jgrapht-demo-0.9.0.jar:/Users/DucNguyenMinh/Documents/workspace/GKAP/AufgabenBlatt01/lib/jgrapht-0.9.0/lib/jgrapht-ext-0.9.0-uber.jar:/Users/DucNguyenMinh/Documents/workspace/GKAP/AufgabenBlatt01/lib/jgrapht-0.9.0/lib/jgrapht-ext-0.9.0.jar:/Users/DucNguyenMinh/Documents/workspace/GKAP/AufgabenBlatt01/lib/jgrapht-0.9.0/lib/jgraphx-2.0.0.1.jar
Launcher Type: SUN_STANDARD

Environment Variables:
PATH=/usr/bin:/bin:/usr/sbin:/sbin
SHELL=/bin/bash

Signal Handlers:
SIGSEGV: [libjvm.dylib+0x579dc7], sa_mask[0]=11111111011111110111111111111111, sa_flags=SA_ONSTACK|SA_RESTART|SA_SIGINFO
SIGBUS: [libjvm.dylib+0x579dc7], sa_mask[0]=11111111011111110111111111111111, sa_flags=SA_RESTART|SA_SIGINFO
SIGFPE: [libjvm.dylib+0x45b030], sa_mask[0]=11111111011111110111111111111111, sa_flags=SA_RESTART|SA_SIGINFO
SIGPIPE: [libjvm.dylib+0x45b030], sa_mask[0]=11111111011111110111111111111111, sa_flags=SA_RESTART|SA_SIGINFO
SIGXFSZ: [libjvm.dylib+0x45b030], sa_mask[0]=11111111011111110111111111111111, sa_flags=SA_RESTART|SA_SIGINFO
SIGILL: [libjvm.dylib+0x45b030], sa_mask[0]=11111111011111110111111111111111, sa_flags=SA_RESTART|SA_SIGINFO
SIGUSR1: SIG_DFL, sa_mask[0]=00000000000000000000000000000000, sa_flags=none
SIGUSR2: [libjvm.dylib+0x45ab4e], sa_mask[0]=00100000000000000000000000000000, sa_flags=SA_RESTART|SA_SIGINFO
SIGHUP: [libjvm.dylib+0x459121], sa_mask[0]=11111111011111110111111111111111, sa_flags=SA_RESTART|SA_SIGINFO
SIGINT: [libjvm.dylib+0x459121], sa_mask[0]=11111111011111110111111111111111, sa_flags=SA_RESTART|SA_SIGINFO
SIGTERM: [libjvm.dylib+0x459121], sa_mask[0]=11111111011111110111111111111111, sa_flags=SA_RESTART|SA_SIGINFO
SIGQUIT: [libjvm.dylib+0x459121], sa_mask[0]=11111111011111110111111111111111, sa_flags=SA_RESTART|SA_SIGINFO


---------------  S Y S T E M  ---------------

OS:Bsduname:Darwin 14.1.0 Darwin Kernel Version 14.1.0: Thu Feb 26 19:26:47 PST 2015; root:xnu-2782.10.73~1/RELEASE_X86_64 x86_64
rlimit: STACK 8192k, CORE 0k, NPROC 709, NOFILE 10240, AS infinity
load average:2.00 2.14 2.17

CPU:total 4 (2 cores per cpu, 2 threads per core) family 6 model 69 stepping 1, cmov, cx8, fxsr, mmx, sse, sse2, sse3, ssse3, sse4.1, sse4.2, popcnt, avx, avx2, aes, clmul, erms, lzcnt, ht, tsc, tscinvbit, bmi1, bmi2

Memory: 4k page, physical 8388608k(84232k free)

/proc/meminfo:


vm_info: Java HotSpot(TM) 64-Bit Server VM (25.25-b02) for bsd-amd64 JRE (1.8.0_25-b17), built on Sep 17 2014 16:56:50 by "java_re" with gcc 4.2.1 (Based on Apple Inc. build 5658) (LLVM build 2336.11.00)

time: Tue Apr  7 19:47:47 2015
elapsed time: 935 seconds (0d 0h 15m 35s)

