#
# A fatal error has been detected by the Java Runtime Environment:
#
#  SIGSEGV (0xb) at pc=0x0000000100b462b0, pid=12960, tid=16387
#
# JRE version: Java(TM) SE Runtime Environment (8.0_25-b17) (build 1.8.0_25-b17)
# Java VM: Java HotSpot(TM) 64-Bit Server VM (25.25-b02 mixed mode bsd-amd64 compressed oops)
# Problematic frame:
# V  [libjvm.dylib+0x4232b0]
#
# Failed to write core dump. Core dumps have been disabled. To enable core dumping, try "ulimit -c unlimited" before starting Java again
#
# If you would like to submit a bug report, please visit:
#   http://bugreport.sun.com/bugreport/crash.jsp
#

---------------  T H R E A D  ---------------

Current thread (0x00007f81cb813000):  JavaThread "JDWP Transport Listener: dt_socket" daemon [_thread_in_vm, id=16387, stack(0x0000000119941000,0x0000000119a41000)]

siginfo: si_signo: 11 (SIGSEGV), si_code: 1 (SEGV_MAPERR), si_addr: 0x00003b65003b7200

Registers:
RAX=0x0000000000000001, RBX=0x0000000119a40a8b, RCX=0x0000000100ef9c80, RDX=0x0000000119a40a8b
RSP=0x0000000119a409d0, RBP=0x0000000119a409e0, RSI=0x00007f81cb813000, RDI=0x00003b65003b7200
R8 =0x0000000000000007, R9 =0x00007f81c9e00000, R10=0x0000000000000080, R11=0x00007f81c9e00000
R12=0x00007f81cb813000, R13=0x00003b65003b7200, R14=0x00003b65003b7200, R15=0x00007f81c9d0f760
RIP=0x0000000100b462b0, EFLAGS=0x0000000000010206, ERR=0x0000000000000004
  TRAPNO=0x000000000000000e

Top of Stack: (sp=0x0000000119a409d0)
0x0000000119a409d0:   0000000119a40a8b 0000000119a40a8b
0x0000000119a409e0:   0000000119a40a40 0000000100a5826e
0x0000000119a409f0:   00007f81cb813000 0000000000000000
0x0000000119a40a00:   0000000000000000 0000000000000000
0x0000000119a40a10:   00007f81cb813000 00007f81cb813000
0x0000000119a40a20:   0000000119a40a8b 0000000119a40a90
0x0000000119a40a30:   00003b65003b7200 0000000000000009
0x0000000119a40a40:   0000000119a40a60 00000001017bc7dc
0x0000000119a40a50:   0000000000000001 0000000119a40b08
0x0000000119a40a60:   0000000119a40ad0 00000001017a1263
0x0000000119a40a70:   0000000119a40aa0 00007f81c9e2c680
0x0000000119a40a80:   0000000a00000032 0000000900a40b08
0x0000000119a40a90:   0000000000000000 0000000000000000
0x0000000119a40aa0:   0000000000000000 0000000119a40c90
0x0000000119a40ab0:   00000001017c3eca 00007f81c9f23880
0x0000000119a40ac0:   0000000119a40b08 00000001017cf588
0x0000000119a40ad0:   0000000119a40ae0 00000001017a135c
0x0000000119a40ae0:   0000000119a40d00 00000001017aa8f6
0x0000000119a40af0:   0000145000000013 00000000000f0200
0x0000000119a40b00:   00007f81c9f1a620 00007f81cb84ac1d
0x0000000119a40b10:   00007f8100000943 00007f81c9e2c750
0x0000000119a40b20:   00007f810000012c 0000000119a40b58
0x0000000119a40b30:   00007f81c9e2c030 0000000000000000
0x0000000119a40b40:   000014500000001c 0000000000000080
0x0000000119a40b50:   0000000119a40b58 817f00000a000000
0x0000000119a40b60:   06000000701ac1c9 00003e74696e693c
0x0000000119a40b70:   0000005629280300 7f00000100000000
0x0000000119a40b80:   0000007095e2c981 726556646e696611
0x0000000119a40b90:   6172476e49786574 4c285d0000006870
0x0000000119a40ba0:   6974752f6176616a 654c3b70614d2f6c
0x0000000119a40bb0:   6b672f7761682f75 7463656a6f727061
0x0000000119a40bc0:   6f722f6375642f73 7265562f74726562 

Instructions: (pc=0x0000000100b462b0)
0x0000000100b46290:   40 48 48 85 c0 75 e0 30 c0 0f b6 c0 5d c3 31 c0
0x0000000100b462a0:   5d c3 55 48 89 e5 53 48 83 ec 08 48 85 ff 74 24
0x0000000100b462b0:   48 8b 1f 48 85 db 74 1c 48 83 fb 37 74 16 48 8b
0x0000000100b462c0:   03 48 89 df ff 50 10 84 c0 b8 00 00 00 00 48 0f 

Register to memory mapping:

RAX=0x0000000000000001 is an unknown value
RBX=0x0000000119a40a8b is pointing into the stack for thread: 0x00007f81cb813000
RCX=0x0000000100ef9c80: UseMembar+0 in /Library/Java/JavaVirtualMachines/jdk1.8.0_25.jdk/Contents/Home/jre/lib/server/libjvm.dylib at 0x0000000100723000
RDX=0x0000000119a40a8b is pointing into the stack for thread: 0x00007f81cb813000
RSP=0x0000000119a409d0 is pointing into the stack for thread: 0x00007f81cb813000
RBP=0x0000000119a409e0 is pointing into the stack for thread: 0x00007f81cb813000
RSI=0x00007f81cb813000 is a thread
RDI=0x00003b65003b7200 is an unknown value
R8 =0x0000000000000007 is an unknown value
R9 =0x00007f81c9e00000 is an unknown value
R10=0x0000000000000080 is an unknown value
R11=0x00007f81c9e00000 is an unknown value
R12=0x00007f81cb813000 is a thread
R13=0x00003b65003b7200 is an unknown value
R14=0x00003b65003b7200 is an unknown value
R15=0x00007f81c9d0f760 is an unknown value


Stack: [0x0000000119941000,0x0000000119a41000],  sp=0x0000000119a409d0,  free space=1022k
Native frames: (J=compiled Java code, j=interpreted, Vv=VM code, C=native code)
V  [libjvm.dylib+0x4232b0]
V  [libjvm.dylib+0x33526e]
C  [libjdwp.dylib+0x207dc]  isMethodSynthetic+0x63
C  [libjdwp.dylib+0x5263]  methods1+0x10b
C  [libjdwp.dylib+0x535c]  methodsWithGeneric+0xe
C  [libjdwp.dylib+0xe8f6]  debugLoop_run+0x1ce
C  [libjdwp.dylib+0x1f716]  attachThread+0x4d
V  [libjvm.dylib+0x3762ce]
V  [libjvm.dylib+0x535ed9]
V  [libjvm.dylib+0x53761c]
V  [libjvm.dylib+0x45d87e]
C  [libsystem_pthread.dylib+0x3268]  _pthread_body+0x83
C  [libsystem_pthread.dylib+0x31e5]  _pthread_body+0x0
C  [libsystem_pthread.dylib+0x141d]  thread_start+0xd
C  0x0000000000000000


---------------  P R O C E S S  ---------------

Java Threads: ( => current thread )
  0x00007f81cb80f000 JavaThread "Service Thread" daemon [_thread_blocked, id=19459, stack(0x0000000119f53000,0x000000011a053000)]
  0x00007f81cb80e800 JavaThread "C1 CompilerThread2" daemon [_thread_blocked, id=18947, stack(0x0000000119e50000,0x0000000119f50000)]
  0x00007f81ca85d800 JavaThread "C2 CompilerThread1" daemon [_thread_blocked, id=18435, stack(0x0000000119d4d000,0x0000000119e4d000)]
  0x00007f81cb813800 JavaThread "C2 CompilerThread0" daemon [_thread_blocked, id=17923, stack(0x0000000119c4a000,0x0000000119d4a000)]
  0x00007f81cb024000 JavaThread "JDWP Command Reader" daemon [_thread_in_native, id=17411, stack(0x0000000119b47000,0x0000000119c47000)]
  0x00007f81cb023000 JavaThread "JDWP Event Helper Thread" daemon [_thread_blocked, id=16899, stack(0x0000000119a44000,0x0000000119b44000)]
=>0x00007f81cb813000 JavaThread "JDWP Transport Listener: dt_socket" daemon [_thread_in_vm, id=16387, stack(0x0000000119941000,0x0000000119a41000)]
  0x00007f81ca84c000 JavaThread "Signal Dispatcher" daemon [_thread_blocked, id=12307, stack(0x0000000119837000,0x0000000119937000)]
  0x00007f81ca005800 JavaThread "Finalizer" daemon [_thread_blocked, id=11523, stack(0x0000000117f72000,0x0000000118072000)]
  0x00007f81cb01e800 JavaThread "Reference Handler" daemon [_thread_blocked, id=11011, stack(0x0000000117e6f000,0x0000000117f6f000)]
  0x00007f81ca807000 JavaThread "main" [_thread_blocked, id=4867, stack(0x0000000101657000,0x0000000101757000)]

Other Threads:
  0x00007f81cb801000 VMThread [stack: 0x0000000117d6c000,0x0000000117e6c000] [id=10499]
  0x00007f81ca00d000 WatcherThread [stack: 0x000000011a056000,0x000000011a156000] [id=19971]

VM state:not at safepoint (normal execution)

VM Mutex/Monitor currently owned by a thread: None

Heap:
 PSYoungGen      total 38400K, used 5341K [0x0000000795580000, 0x0000000798000000, 0x00000007c0000000)
  eden space 33280K, 16% used [0x0000000795580000,0x0000000795ab7590,0x0000000797600000)
  from space 5120K, 0% used [0x0000000797b00000,0x0000000797b00000,0x0000000798000000)
  to   space 5120K, 0% used [0x0000000797600000,0x0000000797600000,0x0000000797b00000)
 ParOldGen       total 87552K, used 0K [0x0000000740000000, 0x0000000745580000, 0x0000000795580000)
  object space 87552K, 0% used [0x0000000740000000,0x0000000740000000,0x0000000745580000)
 Metaspace       used 3441K, capacity 4670K, committed 4864K, reserved 1056768K
  class space    used 377K, capacity 425K, committed 512K, reserved 1048576K

Card table byte_map: [0x00000001113c0000,0x00000001117c1000] byte_map_base: 0x000000010d9c0000

Marking Bits: (ParMarkBitMap*) 0x0000000100fc0390
 Begin Bits: [0x0000000111e78000, 0x0000000113e78000)
 End Bits:   [0x0000000113e78000, 0x0000000115e78000)

Polling page: 0x000000010179b000

CodeCache: size=245760Kb used=1343Kb max_used=1343Kb free=244416Kb
 bounds [0x0000000102000000, 0x0000000102270000, 0x0000000111000000]
 total_blobs=376 nmethods=138 adapters=161
 compilation: enabled

Compilation events (10 events):
Event: 184.176 Thread 0x00007f81cb80e800  133       3       java.lang.StringBuilder::append (9 bytes)
Event: 184.177 Thread 0x00007f81cb80e800 nmethod 133 0x000000010214df50 code [0x000000010214e0e0, 0x000000010214e4d8]
Event: 185.077 Thread 0x00007f81cb80e800  134       3       java.util.LinkedHashMap$LinkedHashIterator::hasNext (13 bytes)
Event: 185.077 Thread 0x00007f81cb80e800 nmethod 134 0x000000010214e650 code [0x000000010214e7c0, 0x000000010214e970]
Event: 185.077 Thread 0x00007f81cb80e800  135       3       java.util.LinkedHashMap$LinkedHashIterator::nextNode (54 bytes)
Event: 185.077 Thread 0x00007f81cb80e800 nmethod 135 0x000000010214e9d0 code [0x000000010214eb80, 0x000000010214eeb8]
Event: 191.432 Thread 0x00007f81cb80e800  136       3       java.util.LinkedHashMap$LinkedKeyIterator::next (8 bytes)
Event: 191.432 Thread 0x00007f81cb80e800 nmethod 136 0x000000010214f090 code [0x000000010214f200, 0x000000010214f4a8]
Event: 198.481 Thread 0x00007f81cb80e800  138       1       java.util.HashMap$Node::getValue (5 bytes)
Event: 198.481 Thread 0x00007f81cb80e800 nmethod 138 0x000000010214f8d0 code [0x000000010214fa20, 0x000000010214fb30]

GC Heap History (0 events):
No events

Deoptimization events (0 events):
No events

Internal exceptions (10 events):
Event: 0.297 Thread 0x00007f81ca807000 Exception <a 'java/security/PrivilegedActionException'> (0x00000007959338c8) thrown at [/HUDSON3/workspace/8-2-build-macosx-x86_64/jdk8u25/1514/hotspot/src/share/vm/prims/jvm.cpp, line 1312]
Event: 241.073 Thread 0x00007f81ca807000 Exception <a 'java/security/PrivilegedActionException'> (0x000000079599f558) thrown at [/HUDSON3/workspace/8-2-build-macosx-x86_64/jdk8u25/1514/hotspot/src/share/vm/prims/jvm.cpp, line 1312]
Event: 241.091 Thread 0x00007f81ca807000 Exception <a 'java/security/PrivilegedActionException'> (0x00000007959a3638) thrown at [/HUDSON3/workspace/8-2-build-macosx-x86_64/jdk8u25/1514/hotspot/src/share/vm/prims/jvm.cpp, line 1312]
Event: 241.126 Thread 0x00007f81ca807000 Exception <a 'java/security/PrivilegedActionException'> (0x00000007959b3f80) thrown at [/HUDSON3/workspace/8-2-build-macosx-x86_64/jdk8u25/1514/hotspot/src/share/vm/prims/jvm.cpp, line 1312]
Event: 241.135 Thread 0x00007f81ca807000 Exception <a 'java/security/PrivilegedActionException'> (0x00000007959b84c8) thrown at [/HUDSON3/workspace/8-2-build-macosx-x86_64/jdk8u25/1514/hotspot/src/share/vm/prims/jvm.cpp, line 1312]
Event: 241.141 Thread 0x00007f81ca807000 Exception <a 'java/security/PrivilegedActionException'> (0x00000007959bd2b8) thrown at [/HUDSON3/workspace/8-2-build-macosx-x86_64/jdk8u25/1514/hotspot/src/share/vm/prims/jvm.cpp, line 1312]
Event: 241.143 Thread 0x00007f81ca807000 Exception <a 'java/security/PrivilegedActionException'> (0x00000007959c1278) thrown at [/HUDSON3/workspace/8-2-build-macosx-x86_64/jdk8u25/1514/hotspot/src/share/vm/prims/jvm.cpp, line 1312]
Event: 241.144 Thread 0x00007f81ca807000 Exception <a 'java/security/PrivilegedActionException'> (0x00000007959c4b48) thrown at [/HUDSON3/workspace/8-2-build-macosx-x86_64/jdk8u25/1514/hotspot/src/share/vm/prims/jvm.cpp, line 1312]
Event: 241.147 Thread 0x00007f81ca807000 Exception <a 'java/security/PrivilegedActionException'> (0x00000007959ccff0) thrown at [/HUDSON3/workspace/8-2-build-macosx-x86_64/jdk8u25/1514/hotspot/src/share/vm/prims/jvm.cpp, line 1312]
Event: 241.149 Thread 0x00007f81ca807000 Exception <a 'java/security/PrivilegedActionException'> (0x00000007959d23c8) thrown at [/HUDSON3/workspace/8-2-build-macosx-x86_64/jdk8u25/1514/hotspot/src/share/vm/prims/jvm.cpp, line 1312]

Events (10 events):
Event: 244.001 Executing VM operation: GetCurrentLocation
Event: 244.001 Executing VM operation: GetCurrentLocation done
Event: 244.001 Executing VM operation: ChangeSingleStep
Event: 244.001 Executing VM operation: ChangeSingleStep done
Event: 244.002 Executing VM operation: ChangeSingleStep
Event: 244.002 Executing VM operation: ChangeSingleStep done
Event: 244.203 Executing VM operation: GetOrSetLocal
Event: 244.203 Executing VM operation: GetOrSetLocal done
Event: 870.368 Executing VM operation: RedefineClasses
Event: 870.369 Executing VM operation: RedefineClasses done


Dynamic libraries:
0x0000000000b7c000 	/System/Library/Frameworks/Cocoa.framework/Versions/A/Cocoa
0x0000000000b7c000 	/System/Library/Frameworks/Security.framework/Versions/A/Security
0x0000000000b7c000 	/System/Library/Frameworks/ApplicationServices.framework/Versions/A/ApplicationServices
0x0000000000b7c000 	/usr/lib/libz.1.dylib
0x0000000000b7c000 	/usr/lib/libSystem.B.dylib
0x0000000000b7c000 	/usr/lib/libobjc.A.dylib
0x0000000000b7c000 	/System/Library/Frameworks/CoreFoundation.framework/Versions/A/CoreFoundation
0x0000000000b7c000 	/System/Library/Frameworks/Foundation.framework/Versions/C/Foundation
0x0000000000b7c000 	/System/Library/Frameworks/AppKit.framework/Versions/C/AppKit
0x0000000000b7c000 	/System/Library/Frameworks/CoreData.framework/Versions/A/CoreData
0x0000000000b7c000 	/System/Library/PrivateFrameworks/RemoteViewServices.framework/Versions/A/RemoteViewServices
0x0000000000b7c000 	/System/Library/PrivateFrameworks/UIFoundation.framework/Versions/A/UIFoundation
0x0000000000b7c000 	/System/Library/Frameworks/IOSurface.framework/Versions/A/IOSurface
0x0000000000b7c000 	/System/Library/Frameworks/AudioToolbox.framework/Versions/A/AudioToolbox
0x0000000000b7c000 	/System/Library/Frameworks/AudioUnit.framework/Versions/A/AudioUnit
0x0000000000b7c000 	/System/Library/PrivateFrameworks/DataDetectorsCore.framework/Versions/A/DataDetectorsCore
0x0000000000b7c000 	/System/Library/PrivateFrameworks/DesktopServicesPriv.framework/Versions/A/DesktopServicesPriv
0x0000000000b7c000 	/System/Library/Frameworks/Carbon.framework/Versions/A/Frameworks/HIToolbox.framework/Versions/A/HIToolbox
0x0000000000b7c000 	/System/Library/Frameworks/QuartzCore.framework/Versions/A/QuartzCore
0x0000000000b7c000 	/System/Library/Frameworks/Carbon.framework/Versions/A/Frameworks/SpeechRecognition.framework/Versions/A/SpeechRecognition
0x0000000000b7c000 	/usr/lib/libauto.dylib
0x0000000000b7c000 	/usr/lib/libicucore.A.dylib
0x0000000000b7c000 	/usr/lib/libxml2.2.dylib
0x0000000000b7c000 	/System/Library/PrivateFrameworks/CoreUI.framework/Versions/A/CoreUI
0x0000000000b7c000 	/System/Library/Frameworks/CoreAudio.framework/Versions/A/CoreAudio
0x0000000000b7c000 	/System/Library/Frameworks/DiskArbitration.framework/Versions/A/DiskArbitration
0x0000000000b7c000 	/usr/lib/liblangid.dylib
0x0000000000b7c000 	/System/Library/PrivateFrameworks/MultitouchSupport.framework/Versions/A/MultitouchSupport
0x0000000000b7c000 	/System/Library/Frameworks/IOKit.framework/Versions/A/IOKit
0x0000000000b7c000 	/usr/lib/libDiagnosticMessagesClient.dylib
0x0000000000b7c000 	/System/Library/Frameworks/CoreServices.framework/Versions/A/CoreServices
0x0000000000b7c000 	/System/Library/PrivateFrameworks/PerformanceAnalysis.framework/Versions/A/PerformanceAnalysis
0x0000000000b7c000 	/System/Library/PrivateFrameworks/GenerationalStorage.framework/Versions/A/GenerationalStorage
0x0000000000b7c000 	/System/Library/Frameworks/OpenGL.framework/Versions/A/OpenGL
0x0000000000b7c000 	/System/Library/PrivateFrameworks/Sharing.framework/Versions/A/Sharing
0x0000000000b7c000 	/System/Library/Frameworks/CoreGraphics.framework/Versions/A/CoreGraphics
0x0000000000b7c000 	/System/Library/Frameworks/CoreText.framework/Versions/A/CoreText
0x0000000000b7c000 	/System/Library/Frameworks/ImageIO.framework/Versions/A/ImageIO
0x0000000000b7c000 	/usr/lib/libextension.dylib
0x0000000000b7c000 	/System/Library/PrivateFrameworks/Backup.framework/Versions/A/Backup
0x0000000000b7c000 	/usr/lib/libarchive.2.dylib
0x0000000000b7c000 	/System/Library/Frameworks/CFNetwork.framework/Versions/A/CFNetwork
0x0000000000b7c000 	/System/Library/Frameworks/SystemConfiguration.framework/Versions/A/SystemConfiguration
0x0000000000b7c000 	/usr/lib/libCRFSuite.dylib
0x0000000000b7c000 	/usr/lib/libc++.1.dylib
0x0000000000b7c000 	/usr/lib/libc++abi.dylib
0x0000000000b7c000 	/usr/lib/system/libcache.dylib
0x0000000000b7c000 	/usr/lib/system/libcommonCrypto.dylib
0x0000000000b7c000 	/usr/lib/system/libcompiler_rt.dylib
0x0000000000b7c000 	/usr/lib/system/libcopyfile.dylib
0x0000000000b7c000 	/usr/lib/system/libcorecrypto.dylib
0x0000000000b7c000 	/usr/lib/system/libdispatch.dylib
0x0000000000b7c000 	/usr/lib/system/libdyld.dylib
0x0000000000b7c000 	/usr/lib/system/libkeymgr.dylib
0x0000000000b7c000 	/usr/lib/system/liblaunch.dylib
0x0000000000b7c000 	/usr/lib/system/libmacho.dylib
0x0000000000b7c000 	/usr/lib/system/libquarantine.dylib
0x0000000000b7c000 	/usr/lib/system/libremovefile.dylib
0x0000000000b7c000 	/usr/lib/system/libsystem_asl.dylib
0x0000000000b7c000 	/usr/lib/system/libsystem_blocks.dylib
0x0000000000b7c000 	/usr/lib/system/libsystem_c.dylib
0x0000000000b7c000 	/usr/lib/system/libsystem_configuration.dylib
0x0000000000b7c000 	/usr/lib/system/libsystem_coreservices.dylib
0x0000000000b7c000 	/usr/lib/system/libsystem_coretls.dylib
0x0000000000b7c000 	/usr/lib/system/libsystem_dnssd.dylib
0x0000000000b7c000 	/usr/lib/system/libsystem_info.dylib
0x0000000000b7c000 	/usr/lib/system/libsystem_kernel.dylib
0x0000000000b7c000 	/usr/lib/system/libsystem_m.dylib
0x0000000000b7c000 	/usr/lib/system/libsystem_malloc.dylib
0x0000000000b7c000 	/usr/lib/system/libsystem_network.dylib
0x0000000000b7c000 	/usr/lib/system/libsystem_networkextension.dylib
0x0000000000b7c000 	/usr/lib/system/libsystem_notify.dylib
0x0000000000b7c000 	/usr/lib/system/libsystem_platform.dylib
0x0000000000b7c000 	/usr/lib/system/libsystem_pthread.dylib
0x0000000000b7c000 	/usr/lib/system/libsystem_sandbox.dylib
0x0000000000b7c000 	/usr/lib/system/libsystem_secinit.dylib
0x0000000000b7c000 	/usr/lib/system/libsystem_stats.dylib
0x0000000000b7c000 	/usr/lib/system/libsystem_trace.dylib
0x0000000000b7c000 	/usr/lib/system/libunc.dylib
0x0000000000b7c000 	/usr/lib/system/libunwind.dylib
0x0000000000b7c000 	/usr/lib/system/libxpc.dylib
0x0000000000b7c000 	/usr/lib/libbz2.1.0.dylib
0x0000000000b7c000 	/usr/lib/liblzma.5.dylib
0x0000000000b7c000 	/usr/lib/libbsm.0.dylib
0x0000000000b7c000 	/usr/lib/libsqlite3.dylib
0x0000000000b7c000 	/usr/lib/system/libkxld.dylib
0x0000000000b7c000 	/usr/lib/libxar.1.dylib
0x0000000000b7c000 	/usr/lib/libpam.2.dylib
0x0000000000b7c000 	/usr/lib/libOpenScriptingUtil.dylib
0x0000000000b7c000 	/System/Library/Frameworks/CoreServices.framework/Versions/A/Frameworks/FSEvents.framework/Versions/A/FSEvents
0x0000000000b7c000 	/System/Library/Frameworks/CoreServices.framework/Versions/A/Frameworks/CarbonCore.framework/Versions/A/CarbonCore
0x0000000000b7c000 	/System/Library/Frameworks/CoreServices.framework/Versions/A/Frameworks/Metadata.framework/Versions/A/Metadata
0x0000000000b7c000 	/System/Library/Frameworks/CoreServices.framework/Versions/A/Frameworks/OSServices.framework/Versions/A/OSServices
0x0000000000b7c000 	/System/Library/Frameworks/CoreServices.framework/Versions/A/Frameworks/SearchKit.framework/Versions/A/SearchKit
0x0000000000b7c000 	/System/Library/Frameworks/CoreServices.framework/Versions/A/Frameworks/AE.framework/Versions/A/AE
0x0000000000b7c000 	/System/Library/Frameworks/CoreServices.framework/Versions/A/Frameworks/LaunchServices.framework/Versions/A/LaunchServices
0x0000000000b7c000 	/System/Library/Frameworks/CoreServices.framework/Versions/A/Frameworks/DictionaryServices.framework/Versions/A/DictionaryServices
0x0000000000b7c000 	/System/Library/Frameworks/NetFS.framework/Versions/A/NetFS
0x0000000000b7c000 	/System/Library/PrivateFrameworks/NetAuth.framework/Versions/A/NetAuth
0x0000000000b7c000 	/System/Library/PrivateFrameworks/login.framework/Versions/A/Frameworks/loginsupport.framework/Versions/A/loginsupport
0x0000000000b7c000 	/System/Library/PrivateFrameworks/TCC.framework/Versions/A/TCC
0x0000000000b7c000 	/usr/lib/libmecabra.dylib
0x0000000000b7c000 	/System/Library/Frameworks/ApplicationServices.framework/Versions/A/Frameworks/ATS.framework/Versions/A/ATS
0x0000000000b7c000 	/System/Library/Frameworks/ApplicationServices.framework/Versions/A/Frameworks/ColorSync.framework/Versions/A/ColorSync
0x0000000000b7c000 	/System/Library/Frameworks/ApplicationServices.framework/Versions/A/Frameworks/HIServices.framework/Versions/A/HIServices
0x0000000000b7c000 	/System/Library/Frameworks/ApplicationServices.framework/Versions/A/Frameworks/LangAnalysis.framework/Versions/A/LangAnalysis
0x0000000000b7c000 	/System/Library/Frameworks/ApplicationServices.framework/Versions/A/Frameworks/PrintCore.framework/Versions/A/PrintCore
0x0000000000b7c000 	/System/Library/Frameworks/ApplicationServices.framework/Versions/A/Frameworks/QD.framework/Versions/A/QD
0x0000000000b7c000 	/System/Library/Frameworks/ApplicationServices.framework/Versions/A/Frameworks/SpeechSynthesis.framework/Versions/A/SpeechSynthesis
0x0000000000b7c000 	/System/Library/Frameworks/Accelerate.framework/Versions/A/Accelerate
0x0000000000b7c000 	/System/Library/Frameworks/Accelerate.framework/Versions/A/Frameworks/vImage.framework/Versions/A/vImage
0x0000000000b7c000 	/System/Library/Frameworks/Accelerate.framework/Versions/A/Frameworks/vecLib.framework/Versions/A/vecLib
0x0000000000b7c000 	/System/Library/Frameworks/Accelerate.framework/Versions/A/Frameworks/vecLib.framework/Versions/A/libvDSP.dylib
0x0000000000b7c000 	/System/Library/Frameworks/Accelerate.framework/Versions/A/Frameworks/vecLib.framework/Versions/A/libvMisc.dylib
0x0000000000b7c000 	/System/Library/Frameworks/Accelerate.framework/Versions/A/Frameworks/vecLib.framework/Versions/A/libLAPACK.dylib
0x0000000000b7c000 	/System/Library/Frameworks/Accelerate.framework/Versions/A/Frameworks/vecLib.framework/Versions/A/libBLAS.dylib
0x0000000000b7c000 	/System/Library/Frameworks/Accelerate.framework/Versions/A/Frameworks/vecLib.framework/Versions/A/libLinearAlgebra.dylib
0x0000000000b7c000 	/System/Library/Frameworks/ApplicationServices.framework/Versions/A/Frameworks/ATS.framework/Versions/A/Resources/libFontParser.dylib
0x0000000000b7c000 	/System/Library/Frameworks/ApplicationServices.framework/Versions/A/Frameworks/ATS.framework/Versions/A/Resources/libFontRegistry.dylib
0x0000000000b7c000 	/System/Library/PrivateFrameworks/AppleVPA.framework/Versions/A/AppleVPA
0x0000000000b7c000 	/System/Library/PrivateFrameworks/AppleJPEG.framework/Versions/A/AppleJPEG
0x0000000000b7c000 	/System/Library/Frameworks/ImageIO.framework/Versions/A/Resources/libJPEG.dylib
0x0000000000b7c000 	/System/Library/Frameworks/ImageIO.framework/Versions/A/Resources/libTIFF.dylib
0x0000000000b7c000 	/System/Library/Frameworks/ImageIO.framework/Versions/A/Resources/libPng.dylib
0x0000000000b7c000 	/System/Library/Frameworks/ImageIO.framework/Versions/A/Resources/libGIF.dylib
0x0000000000b7c000 	/System/Library/Frameworks/ImageIO.framework/Versions/A/Resources/libJP2.dylib
0x0000000000b7c000 	/System/Library/Frameworks/ImageIO.framework/Versions/A/Resources/libRadiance.dylib
0x0000000000b7c000 	/System/Library/Frameworks/CoreVideo.framework/Versions/A/CoreVideo
0x0000000000b7c000 	/System/Library/Frameworks/OpenGL.framework/Versions/A/Libraries/libGLU.dylib
0x0000000000b7c000 	/System/Library/Frameworks/OpenGL.framework/Versions/A/Libraries/libGFXShared.dylib
0x0000000000b7c000 	/System/Library/Frameworks/OpenGL.framework/Versions/A/Libraries/libGL.dylib
0x0000000000b7c000 	/System/Library/Frameworks/OpenGL.framework/Versions/A/Libraries/libGLImage.dylib
0x0000000000b7c000 	/System/Library/Frameworks/OpenGL.framework/Versions/A/Libraries/libCVMSPluginSupport.dylib
0x0000000000b7c000 	/System/Library/Frameworks/OpenGL.framework/Versions/A/Libraries/libCoreVMClient.dylib
0x0000000000b7c000 	/usr/lib/libcups.2.dylib
0x0000000000b7c000 	/System/Library/Frameworks/Kerberos.framework/Versions/A/Kerberos
0x0000000000b7c000 	/System/Library/Frameworks/GSS.framework/Versions/A/GSS
0x0000000000b7c000 	/usr/lib/libresolv.9.dylib
0x0000000000b7c000 	/usr/lib/libiconv.2.dylib
0x0000000000b7c000 	/System/Library/PrivateFrameworks/Heimdal.framework/Versions/A/Heimdal
0x0000000000b7c000 	/usr/lib/libheimdal-asn1.dylib
0x0000000000b7c000 	/System/Library/Frameworks/OpenDirectory.framework/Versions/A/OpenDirectory
0x0000000000b7c000 	/System/Library/PrivateFrameworks/CommonAuth.framework/Versions/A/CommonAuth
0x0000000000b7c000 	/System/Library/Frameworks/OpenDirectory.framework/Versions/A/Frameworks/CFOpenDirectory.framework/Versions/A/CFOpenDirectory
0x0000000000b7c000 	/System/Library/Frameworks/SecurityFoundation.framework/Versions/A/SecurityFoundation
0x0000000000b7c000 	/System/Library/PrivateFrameworks/LanguageModeling.framework/Versions/A/LanguageModeling
0x0000000000b7c000 	/usr/lib/libcmph.dylib
0x0000000000b7c000 	/System/Library/Frameworks/ServiceManagement.framework/Versions/A/ServiceManagement
0x0000000000b7c000 	/usr/lib/libxslt.1.dylib
0x0000000000b7c000 	/System/Library/Frameworks/Carbon.framework/Versions/A/Frameworks/Ink.framework/Versions/A/Ink
0x0000000000b7c000 	/System/Library/Frameworks/QuartzCore.framework/Versions/A/Frameworks/CoreImage.framework/Versions/A/CoreImage
0x0000000000b7c000 	/System/Library/PrivateFrameworks/CrashReporterSupport.framework/Versions/A/CrashReporterSupport
0x0000000000b7c000 	/System/Library/Frameworks/OpenCL.framework/Versions/A/OpenCL
0x0000000000b7c000 	/System/Library/PrivateFrameworks/FaceCore.framework/Versions/A/FaceCore
0x0000000000b7c000 	/System/Library/PrivateFrameworks/Ubiquity.framework/Versions/A/Ubiquity
0x0000000000b7c000 	/System/Library/PrivateFrameworks/IconServices.framework/Versions/A/IconServices
0x0000000000b7c000 	/System/Library/PrivateFrameworks/ChunkingLibrary.framework/Versions/A/ChunkingLibrary
0x0000000000b7c000 	/System/Library/PrivateFrameworks/Apple80211.framework/Versions/A/Apple80211
0x0000000000b7c000 	/System/Library/Frameworks/CoreWLAN.framework/Versions/A/CoreWLAN
0x0000000000b7c000 	/System/Library/Frameworks/IOBluetooth.framework/Versions/A/IOBluetooth
0x0000000000b7c000 	/System/Library/PrivateFrameworks/CoreWiFi.framework/Versions/A/CoreWiFi
0x0000000000b7c000 	/System/Library/Frameworks/CoreBluetooth.framework/Versions/A/CoreBluetooth
0x0000000000b7c000 	/System/Library/PrivateFrameworks/DebugSymbols.framework/Versions/A/DebugSymbols
0x0000000000b7c000 	/System/Library/PrivateFrameworks/CoreSymbolication.framework/Versions/A/CoreSymbolication
0x0000000000b7c000 	/System/Library/PrivateFrameworks/Symbolication.framework/Versions/A/Symbolication
0x0000000000b7c000 	/System/Library/PrivateFrameworks/SpeechRecognitionCore.framework/Versions/A/SpeechRecognitionCore
0x0000000100723000 	/Library/Java/JavaVirtualMachines/jdk1.8.0_25.jdk/Contents/Home/jre/lib/server/libjvm.dylib
0x0000000000b7c000 	/usr/lib/libstdc++.6.dylib
0x0000000101759000 	/Library/Java/JavaVirtualMachines/jdk1.8.0_25.jdk/Contents/Home/jre/lib/libverify.dylib
0x0000000101767000 	/Library/Java/JavaVirtualMachines/jdk1.8.0_25.jdk/Contents/Home/jre/lib/libjava.dylib
0x000000010179c000 	/Library/Java/JavaVirtualMachines/jdk1.8.0_25.jdk/Contents/Home/jre/lib/libjdwp.dylib
0x00000001017e7000 	/Library/Java/JavaVirtualMachines/jdk1.8.0_25.jdk/Contents/Home/jre/lib/libnpt.dylib
0x00000001017f4000 	/Library/Java/JavaVirtualMachines/jdk1.8.0_25.jdk/Contents/Home/jre/lib/libzip.dylib
0x0000000118074000 	/System/Library/Frameworks/JavaVM.framework/Frameworks/JavaRuntimeSupport.framework/JavaRuntimeSupport
0x000000011808c000 	/System/Library/Frameworks/JavaVM.framework/Versions/A/Frameworks/JavaNativeFoundation.framework/Versions/A/JavaNativeFoundation
0x00000001180a1000 	/System/Library/Frameworks/JavaVM.framework/Versions/A/JavaVM
0x0000000000b7c000 	/System/Library/Frameworks/Carbon.framework/Versions/A/Carbon
0x00000001180ae000 	/System/Library/PrivateFrameworks/JavaLaunching.framework/Versions/A/JavaLaunching
0x0000000000b7c000 	/System/Library/Frameworks/Carbon.framework/Versions/A/Frameworks/CommonPanels.framework/Versions/A/CommonPanels
0x0000000000b7c000 	/System/Library/Frameworks/Carbon.framework/Versions/A/Frameworks/Help.framework/Versions/A/Help
0x0000000000b7c000 	/System/Library/Frameworks/Carbon.framework/Versions/A/Frameworks/ImageCapture.framework/Versions/A/ImageCapture
0x0000000000b7c000 	/System/Library/Frameworks/Carbon.framework/Versions/A/Frameworks/OpenScripting.framework/Versions/A/OpenScripting
0x0000000000b7c000 	/System/Library/Frameworks/Carbon.framework/Versions/A/Frameworks/Print.framework/Versions/A/Print
0x0000000000b7c000 	/System/Library/Frameworks/Carbon.framework/Versions/A/Frameworks/SecurityHI.framework/Versions/A/SecurityHI
0x0000000119939000 	/Library/Java/JavaVirtualMachines/jdk1.8.0_25.jdk/Contents/Home/jre/lib/libdt_socket.dylib

VM Arguments:
jvm_args: -agentlib:jdwp=transport=dt_socket,suspend=y,address=localhost:62137 -Dfile.encoding=UTF-8 
java_command: eu.haw.gkaprojects.duc.robert.Dosomething
java_class_path (initial): /Users/DucNguyenMinh/Documents/workspace/GKAP/.git/GKAProjects/GKAProjects/bin:/Applications/eclipse 2/plugins/org.junit_4.11.0.v201303080030/junit.jar:/Applications/eclipse 2/plugins/org.hamcrest.core_1.3.0.v201303031735.jar:/Users/DucNguyenMinh/Documents/workspace/GKAP/AufgabenBlatt01/lib/jgrapht-0.9.0/lib/jgraph-5.13.0.0.jar:/Users/DucNguyenMinh/Documents/workspace/GKAP/AufgabenBlatt01/lib/jgrapht-0.9.0/lib/jgrapht-core-0.9.0.jar:/Users/DucNguyenMinh/Documents/workspace/GKAP/AufgabenBlatt01/lib/jgrapht-0.9.0/lib/jgrapht-demo-0.9.0.jar:/Users/DucNguyenMinh/Documents/workspace/GKAP/AufgabenBlatt01/lib/jgrapht-0.9.0/lib/jgrapht-ext-0.9.0-uber.jar:/Users/DucNguyenMinh/Documents/workspace/GKAP/AufgabenBlatt01/lib/jgrapht-0.9.0/lib/jgrapht-ext-0.9.0.jar:/Users/DucNguyenMinh/Documents/workspace/GKAP/AufgabenBlatt01/lib/jgrapht-0.9.0/lib/jgraphx-2.0.0.1.jar
Launcher Type: SUN_STANDARD

Environment Variables:
PATH=/usr/bin:/bin:/usr/sbin:/sbin
SHELL=/bin/bash

Signal Handlers:
SIGSEGV: [libjvm.dylib+0x579dc7], sa_mask[0]=11111111011111110111111111111111, sa_flags=SA_ONSTACK|SA_RESTART|SA_SIGINFO
SIGBUS: [libjvm.dylib+0x579dc7], sa_mask[0]=11111111011111110111111111111111, sa_flags=SA_RESTART|SA_SIGINFO
SIGFPE: [libjvm.dylib+0x45b030], sa_mask[0]=11111111011111110111111111111111, sa_flags=SA_RESTART|SA_SIGINFO
SIGPIPE: [libjvm.dylib+0x45b030], sa_mask[0]=11111111011111110111111111111111, sa_flags=SA_RESTART|SA_SIGINFO
SIGXFSZ: [libjvm.dylib+0x45b030], sa_mask[0]=11111111011111110111111111111111, sa_flags=SA_RESTART|SA_SIGINFO
SIGILL: [libjvm.dylib+0x45b030], sa_mask[0]=11111111011111110111111111111111, sa_flags=SA_RESTART|SA_SIGINFO
SIGUSR1: SIG_DFL, sa_mask[0]=00000000000000000000000000000000, sa_flags=none
SIGUSR2: [libjvm.dylib+0x45ab4e], sa_mask[0]=00100000000000000000000000000000, sa_flags=SA_RESTART|SA_SIGINFO
SIGHUP: [libjvm.dylib+0x459121], sa_mask[0]=11111111011111110111111111111111, sa_flags=SA_RESTART|SA_SIGINFO
SIGINT: [libjvm.dylib+0x459121], sa_mask[0]=11111111011111110111111111111111, sa_flags=SA_RESTART|SA_SIGINFO
SIGTERM: [libjvm.dylib+0x459121], sa_mask[0]=11111111011111110111111111111111, sa_flags=SA_RESTART|SA_SIGINFO
SIGQUIT: [libjvm.dylib+0x459121], sa_mask[0]=11111111011111110111111111111111, sa_flags=SA_RESTART|SA_SIGINFO


---------------  S Y S T E M  ---------------

OS:Bsduname:Darwin 14.1.0 Darwin Kernel Version 14.1.0: Thu Feb 26 19:26:47 PST 2015; root:xnu-2782.10.73~1/RELEASE_X86_64 x86_64
rlimit: STACK 8192k, CORE 0k, NPROC 709, NOFILE 10240, AS infinity
load average:2.06 2.24 2.21

CPU:total 4 (2 cores per cpu, 2 threads per core) family 6 model 69 stepping 1, cmov, cx8, fxsr, mmx, sse, sse2, sse3, ssse3, sse4.1, sse4.2, popcnt, avx, avx2, aes, clmul, erms, lzcnt, ht, tsc, tscinvbit, bmi1, bmi2

Memory: 4k page, physical 8388608k(62300k free)

/proc/meminfo:


vm_info: Java HotSpot(TM) 64-Bit Server VM (25.25-b02) for bsd-amd64 JRE (1.8.0_25-b17), built on Sep 17 2014 16:56:50 by "java_re" with gcc 4.2.1 (Based on Apple Inc. build 5658) (LLVM build 2336.11.00)

time: Tue Apr  7 19:45:51 2015
elapsed time: 870 seconds (0d 0h 14m 30s)

